<?xml version="1.0" encoding="UTF-8"?>
<coverage generated="1309812275">
  <project timestamp="1309812275">
    <file name="/var/lib/jenkins/jobs/RaidGnome/workspace/src/application/Bootstrap.php">
      <class name="Bootstrap" namespace="global">
        <metrics methods="1" coveredmethods="1" conditionals="0" coveredconditionals="0" statements="4" coveredstatements="4" elements="5" coveredelements="5"/>
      </class>
      <line num="6" type="method" name="_initViewHelpers" crap="1" count="5"/>
      <line num="8" type="stmt" count="5"/>
      <line num="9" type="stmt" count="5"/>
      <line num="10" type="stmt" count="5"/>
      <line num="12" type="stmt" count="5"/>
      <metrics loc="16" ncloc="16" classes="1" methods="1" coveredmethods="1" conditionals="0" coveredconditionals="0" statements="4" coveredstatements="4" elements="5" coveredelements="5"/>
    </file>
    <file name="/var/lib/jenkins/jobs/RaidGnome/workspace/src/application/models/Account.php">
      <class name="Gnome_Model_Account" namespace="global" fullPackage="Model" package="Model">
        <metrics methods="8" coveredmethods="8" conditionals="0" coveredconditionals="0" statements="12" coveredstatements="12" elements="20" coveredelements="20"/>
      </class>
      <line num="24" type="stmt" count="1"/>
      <line num="49" type="method" name="getEmail" crap="1" count="7"/>
      <line num="51" type="stmt" count="7"/>
      <line num="57" type="method" name="getPassword" crap="1" count="3"/>
      <line num="59" type="stmt" count="3"/>
      <line num="65" type="method" name="getUniqueKey" crap="1" count="6"/>
      <line num="67" type="stmt" count="6"/>
      <line num="73" type="method" name="isVerified" crap="1" count="3"/>
      <line num="75" type="stmt" count="3"/>
      <line num="81" type="method" name="setEmail" crap="1" count="8"/>
      <line num="83" type="stmt" count="8"/>
      <line num="84" type="stmt" count="8"/>
      <line num="89" type="method" name="setPassword" crap="1" count="6"/>
      <line num="91" type="stmt" count="6"/>
      <line num="92" type="stmt" count="6"/>
      <line num="97" type="method" name="setUniqueKey" crap="1" count="8"/>
      <line num="99" type="stmt" count="8"/>
      <line num="100" type="stmt" count="8"/>
      <line num="105" type="method" name="setVerified" crap="1" count="5"/>
      <line num="107" type="stmt" count="5"/>
      <line num="108" type="stmt" count="5"/>
      <line num="110" type="stmt" count="1"/>
      <metrics loc="109" ncloc="53" classes="1" methods="8" coveredmethods="8" conditionals="0" coveredconditionals="0" statements="14" coveredstatements="14" elements="22" coveredelements="22"/>
    </file>
    <file name="/var/lib/jenkins/jobs/RaidGnome/workspace/src/application/models/Application.php">
      <class name="Gnome_Model_Application" namespace="global" fullPackage="Model" package="Model">
        <metrics methods="12" coveredmethods="12" conditionals="0" coveredconditionals="0" statements="18" coveredstatements="18" elements="30" coveredelements="30"/>
      </class>
      <line num="23" type="stmt" count="1"/>
      <line num="58" type="method" name="getEventId" crap="1" count="3"/>
      <line num="60" type="stmt" count="3"/>
      <line num="66" type="method" name="getCharId" crap="1" count="3"/>
      <line num="68" type="stmt" count="3"/>
      <line num="74" type="method" name="getStatus" crap="1" count="3"/>
      <line num="76" type="stmt" count="3"/>
      <line num="82" type="method" name="getComment" crap="1" count="3"/>
      <line num="84" type="stmt" count="3"/>
      <line num="90" type="method" name="getPartialCome" crap="1" count="3"/>
      <line num="92" type="stmt" count="3"/>
      <line num="98" type="method" name="getPartialGo" crap="1" count="3"/>
      <line num="100" type="stmt" count="3"/>
      <line num="106" type="method" name="setEventId" crap="1" count="5"/>
      <line num="108" type="stmt" count="5"/>
      <line num="109" type="stmt" count="5"/>
      <line num="114" type="method" name="setCharId" crap="1" count="5"/>
      <line num="116" type="stmt" count="5"/>
      <line num="117" type="stmt" count="5"/>
      <line num="122" type="method" name="setStatus" crap="1" count="5"/>
      <line num="124" type="stmt" count="5"/>
      <line num="125" type="stmt" count="5"/>
      <line num="130" type="method" name="setComment" crap="1" count="5"/>
      <line num="132" type="stmt" count="5"/>
      <line num="133" type="stmt" count="5"/>
      <line num="138" type="method" name="setPartialCome" crap="1" count="5"/>
      <line num="140" type="stmt" count="5"/>
      <line num="141" type="stmt" count="5"/>
      <line num="146" type="method" name="setPartialGo" crap="1" count="5"/>
      <line num="148" type="stmt" count="5"/>
      <line num="149" type="stmt" count="5"/>
      <line num="151" type="stmt" count="1"/>
      <metrics loc="150" ncloc="76" classes="1" methods="12" coveredmethods="12" conditionals="0" coveredconditionals="0" statements="20" coveredstatements="20" elements="32" coveredelements="32"/>
    </file>
    <file name="/var/lib/jenkins/jobs/RaidGnome/workspace/src/application/models/Char.php">
      <class name="Gnome_Model_Char" namespace="global" fullPackage="Model" package="Model">
        <metrics methods="30" coveredmethods="30" conditionals="0" coveredconditionals="0" statements="45" coveredstatements="45" elements="75" coveredelements="75"/>
      </class>
      <line num="24" type="stmt" count="1"/>
      <line num="104" type="method" name="getAccountId" crap="1" count="2"/>
      <line num="106" type="stmt" count="2"/>
      <line num="112" type="method" name="getServerId" crap="1" count="2"/>
      <line num="114" type="stmt" count="2"/>
      <line num="120" type="method" name="getName" crap="1" count="2"/>
      <line num="122" type="stmt" count="2"/>
      <line num="128" type="method" name="getFaction" crap="1" count="2"/>
      <line num="130" type="stmt" count="2"/>
      <line num="136" type="method" name="getClass" crap="1" count="2"/>
      <line num="138" type="stmt" count="2"/>
      <line num="144" type="method" name="getRace" crap="1" count="2"/>
      <line num="146" type="stmt" count="2"/>
      <line num="152" type="method" name="getSex" crap="1" count="2"/>
      <line num="154" type="stmt" count="2"/>
      <line num="160" type="method" name="getLevel" crap="1" count="2"/>
      <line num="162" type="stmt" count="2"/>
      <line num="168" type="method" name="getTreeFirst" crap="1" count="2"/>
      <line num="170" type="stmt" count="2"/>
      <line num="176" type="method" name="getTreeSecond" crap="1" count="2"/>
      <line num="178" type="stmt" count="2"/>
      <line num="184" type="method" name="getTreeThird" crap="1" count="2"/>
      <line num="186" type="stmt" count="2"/>
      <line num="192" type="method" name="getStyleTank" crap="1" count="2"/>
      <line num="194" type="stmt" count="2"/>
      <line num="200" type="method" name="getStyleHeal" crap="1" count="2"/>
      <line num="202" type="stmt" count="2"/>
      <line num="208" type="method" name="getStyleDps" crap="1" count="2"/>
      <line num="210" type="stmt" count="2"/>
      <line num="216" type="method" name="setAccountId" crap="1" count="4"/>
      <line num="218" type="stmt" count="4"/>
      <line num="219" type="stmt" count="4"/>
      <line num="224" type="method" name="setServerId" crap="1" count="4"/>
      <line num="226" type="stmt" count="4"/>
      <line num="227" type="stmt" count="4"/>
      <line num="232" type="method" name="setName" crap="1" count="4"/>
      <line num="234" type="stmt" count="4"/>
      <line num="235" type="stmt" count="4"/>
      <line num="240" type="method" name="setFaction" crap="1" count="4"/>
      <line num="242" type="stmt" count="4"/>
      <line num="243" type="stmt" count="4"/>
      <line num="248" type="method" name="setClass" crap="1" count="4"/>
      <line num="250" type="stmt" count="4"/>
      <line num="251" type="stmt" count="4"/>
      <line num="256" type="method" name="setRace" crap="1" count="4"/>
      <line num="258" type="stmt" count="4"/>
      <line num="259" type="stmt" count="4"/>
      <line num="264" type="method" name="setSex" crap="1" count="4"/>
      <line num="266" type="stmt" count="4"/>
      <line num="267" type="stmt" count="4"/>
      <line num="272" type="method" name="setLevel" crap="1" count="4"/>
      <line num="274" type="stmt" count="4"/>
      <line num="275" type="stmt" count="4"/>
      <line num="280" type="method" name="setTreeFirst" crap="1" count="4"/>
      <line num="282" type="stmt" count="4"/>
      <line num="283" type="stmt" count="4"/>
      <line num="288" type="method" name="setTreeSecond" crap="1" count="4"/>
      <line num="290" type="stmt" count="4"/>
      <line num="291" type="stmt" count="4"/>
      <line num="296" type="method" name="setTreeThird" crap="1" count="4"/>
      <line num="298" type="stmt" count="4"/>
      <line num="299" type="stmt" count="4"/>
      <line num="304" type="method" name="setStyleTank" crap="1" count="4"/>
      <line num="306" type="stmt" count="4"/>
      <line num="307" type="stmt" count="4"/>
      <line num="312" type="method" name="setStyleHeal" crap="1" count="4"/>
      <line num="314" type="stmt" count="4"/>
      <line num="315" type="stmt" count="4"/>
      <line num="320" type="method" name="setStyleDps" crap="1" count="4"/>
      <line num="322" type="stmt" count="4"/>
      <line num="323" type="stmt" count="4"/>
      <line num="328" type="method" name="getGearlevel" crap="1" count="2"/>
      <line num="330" type="stmt" count="2"/>
      <line num="336" type="method" name="setGearlevel" crap="1" count="4"/>
      <line num="338" type="stmt" count="4"/>
      <line num="339" type="stmt" count="4"/>
      <line num="341" type="stmt" count="1"/>
      <metrics loc="340" ncloc="185" classes="1" methods="30" coveredmethods="30" conditionals="0" coveredconditionals="0" statements="47" coveredstatements="47" elements="77" coveredelements="77"/>
    </file>
    <file name="/var/lib/jenkins/jobs/RaidGnome/workspace/src/application/models/DbTable/Account.php">
      <class name="Gnome_Model_DbTable_Account" namespace="global" fullPackage="ModelDbTable" package="ModelDbTable">
        <metrics methods="0" coveredmethods="0" conditionals="0" coveredconditionals="0" statements="0" coveredstatements="0" elements="0" coveredelements="0"/>
      </class>
      <line num="22" type="stmt" count="1"/>
      <line num="34" type="stmt" count="1"/>
      <metrics loc="33" ncloc="9" classes="1" methods="0" coveredmethods="0" conditionals="0" coveredconditionals="0" statements="2" coveredstatements="2" elements="2" coveredelements="2"/>
    </file>
    <file name="/var/lib/jenkins/jobs/RaidGnome/workspace/src/application/models/DbTable/AccountToGroup.php">
      <class name="Gnome_Model_DbTable_AccountToGroup" namespace="global" fullPackage="ModelDbTable" package="ModelDbTable">
        <metrics methods="0" coveredmethods="0" conditionals="0" coveredconditionals="0" statements="0" coveredstatements="0" elements="0" coveredelements="0"/>
      </class>
      <line num="22" type="stmt" count="1"/>
      <line num="34" type="stmt" count="1"/>
      <metrics loc="33" ncloc="9" classes="1" methods="0" coveredmethods="0" conditionals="0" coveredconditionals="0" statements="2" coveredstatements="2" elements="2" coveredelements="2"/>
    </file>
    <file name="/var/lib/jenkins/jobs/RaidGnome/workspace/src/application/models/DbTable/Application.php">
      <class name="Gnome_Model_DbTable_Application" namespace="global" fullPackage="ModelDbTable" package="ModelDbTable">
        <metrics methods="0" coveredmethods="0" conditionals="0" coveredconditionals="0" statements="0" coveredstatements="0" elements="0" coveredelements="0"/>
      </class>
      <line num="22" type="stmt" count="1"/>
      <line num="34" type="stmt" count="1"/>
      <metrics loc="33" ncloc="9" classes="1" methods="0" coveredmethods="0" conditionals="0" coveredconditionals="0" statements="2" coveredstatements="2" elements="2" coveredelements="2"/>
    </file>
    <file name="/var/lib/jenkins/jobs/RaidGnome/workspace/src/application/models/DbTable/Char.php">
      <class name="Gnome_Model_DbTable_Char" namespace="global" fullPackage="ModelDbTable" package="ModelDbTable">
        <metrics methods="0" coveredmethods="0" conditionals="0" coveredconditionals="0" statements="0" coveredstatements="0" elements="0" coveredelements="0"/>
      </class>
      <line num="22" type="stmt" count="1"/>
      <line num="34" type="stmt" count="1"/>
      <metrics loc="33" ncloc="9" classes="1" methods="0" coveredmethods="0" conditionals="0" coveredconditionals="0" statements="2" coveredstatements="2" elements="2" coveredelements="2"/>
    </file>
    <file name="/var/lib/jenkins/jobs/RaidGnome/workspace/src/application/models/DbTable/Event.php">
      <class name="Gnome_Model_DbTable_Event" namespace="global" fullPackage="ModelDbTable" package="ModelDbTable">
        <metrics methods="0" coveredmethods="0" conditionals="0" coveredconditionals="0" statements="0" coveredstatements="0" elements="0" coveredelements="0"/>
      </class>
      <line num="22" type="stmt" count="1"/>
      <line num="34" type="stmt" count="1"/>
      <metrics loc="33" ncloc="9" classes="1" methods="0" coveredmethods="0" conditionals="0" coveredconditionals="0" statements="2" coveredstatements="2" elements="2" coveredelements="2"/>
    </file>
    <file name="/var/lib/jenkins/jobs/RaidGnome/workspace/src/application/models/DbTable/Group.php">
      <class name="Gnome_Model_DbTable_Group" namespace="global" fullPackage="ModelDbTable" package="ModelDbTable">
        <metrics methods="0" coveredmethods="0" conditionals="0" coveredconditionals="0" statements="0" coveredstatements="0" elements="0" coveredelements="0"/>
      </class>
      <line num="22" type="stmt" count="1"/>
      <line num="34" type="stmt" count="1"/>
      <metrics loc="33" ncloc="9" classes="1" methods="0" coveredmethods="0" conditionals="0" coveredconditionals="0" statements="2" coveredstatements="2" elements="2" coveredelements="2"/>
    </file>
    <file name="/var/lib/jenkins/jobs/RaidGnome/workspace/src/application/models/DbTable/Server.php">
      <class name="Gnome_Model_DbTable_Server" namespace="global" fullPackage="ModelDbTable" package="ModelDbTable">
        <metrics methods="0" coveredmethods="0" conditionals="0" coveredconditionals="0" statements="0" coveredstatements="0" elements="0" coveredelements="0"/>
      </class>
      <line num="22" type="stmt" count="1"/>
      <line num="34" type="stmt" count="1"/>
      <metrics loc="33" ncloc="9" classes="1" methods="0" coveredmethods="0" conditionals="0" coveredconditionals="0" statements="2" coveredstatements="2" elements="2" coveredelements="2"/>
    </file>
    <file name="/var/lib/jenkins/jobs/RaidGnome/workspace/src/application/models/Event.php">
      <class name="Gnome_Model_Event" namespace="global" fullPackage="Model" package="Model">
        <metrics methods="16" coveredmethods="16" conditionals="0" coveredconditionals="0" statements="24" coveredstatements="24" elements="40" coveredelements="40"/>
      </class>
      <line num="23" type="stmt" count="1"/>
      <line num="68" type="method" name="getGroupId" crap="1" count="2"/>
      <line num="70" type="stmt" count="2"/>
      <line num="76" type="method" name="getCreatorId" crap="1" count="2"/>
      <line num="78" type="stmt" count="2"/>
      <line num="84" type="method" name="getTypeId" crap="1" count="2"/>
      <line num="86" type="stmt" count="2"/>
      <line num="92" type="method" name="getName" crap="1" count="2"/>
      <line num="94" type="stmt" count="2"/>
      <line num="100" type="method" name="getPlayers" crap="1" count="2"/>
      <line num="102" type="stmt" count="2"/>
      <line num="108" type="method" name="getStart" crap="1" count="2"/>
      <line num="110" type="stmt" count="2"/>
      <line num="116" type="method" name="getEnd" crap="1" count="2"/>
      <line num="118" type="stmt" count="2"/>
      <line num="124" type="method" name="setGroupId" crap="1" count="4"/>
      <line num="126" type="stmt" count="4"/>
      <line num="127" type="stmt" count="4"/>
      <line num="132" type="method" name="setCreatorId" crap="1" count="4"/>
      <line num="134" type="stmt" count="4"/>
      <line num="135" type="stmt" count="4"/>
      <line num="140" type="method" name="setTypeId" crap="1" count="4"/>
      <line num="142" type="stmt" count="4"/>
      <line num="143" type="stmt" count="4"/>
      <line num="148" type="method" name="setName" crap="1" count="4"/>
      <line num="150" type="stmt" count="4"/>
      <line num="151" type="stmt" count="4"/>
      <line num="156" type="method" name="setPlayers" crap="1" count="4"/>
      <line num="158" type="stmt" count="4"/>
      <line num="159" type="stmt" count="4"/>
      <line num="164" type="method" name="setStart" crap="1" count="4"/>
      <line num="166" type="stmt" count="4"/>
      <line num="167" type="stmt" count="4"/>
      <line num="172" type="method" name="setEnd" crap="1" count="4"/>
      <line num="174" type="stmt" count="4"/>
      <line num="175" type="stmt" count="4"/>
      <line num="180" type="method" name="getStatusId" crap="1" count="2"/>
      <line num="182" type="stmt" count="2"/>
      <line num="188" type="method" name="setStatusId" crap="1" count="4"/>
      <line num="190" type="stmt" count="4"/>
      <line num="191" type="stmt" count="4"/>
      <line num="192" type="stmt" count="1"/>
      <metrics loc="191" ncloc="99" classes="1" methods="16" coveredmethods="16" conditionals="0" coveredconditionals="0" statements="26" coveredstatements="26" elements="42" coveredelements="42"/>
    </file>
    <file name="/var/lib/jenkins/jobs/RaidGnome/workspace/src/application/models/Group.php">
      <class name="Gnome_Model_Group" namespace="global" fullPackage="Model" package="Model">
        <metrics methods="8" coveredmethods="8" conditionals="0" coveredconditionals="0" statements="12" coveredstatements="12" elements="20" coveredelements="20"/>
      </class>
      <line num="24" type="stmt" count="1"/>
      <line num="57" type="method" name="getServerId" crap="1" count="2"/>
      <line num="59" type="stmt" count="2"/>
      <line num="65" type="method" name="getCreatorId" crap="1" count="2"/>
      <line num="67" type="stmt" count="2"/>
      <line num="73" type="method" name="getName" crap="1" count="2"/>
      <line num="75" type="stmt" count="2"/>
      <line num="81" type="method" name="getFaction" crap="1" count="2"/>
      <line num="83" type="stmt" count="2"/>
      <line num="89" type="method" name="setServerId" crap="1" count="5"/>
      <line num="91" type="stmt" count="5"/>
      <line num="92" type="stmt" count="5"/>
      <line num="97" type="method" name="setCreatorId" crap="1" count="5"/>
      <line num="99" type="stmt" count="5"/>
      <line num="100" type="stmt" count="5"/>
      <line num="105" type="method" name="setName" crap="1" count="5"/>
      <line num="107" type="stmt" count="5"/>
      <line num="108" type="stmt" count="5"/>
      <line num="113" type="method" name="setFaction" crap="1" count="5"/>
      <line num="115" type="stmt" count="5"/>
      <line num="116" type="stmt" count="5"/>
      <line num="118" type="stmt" count="1"/>
      <metrics loc="117" ncloc="61" classes="1" methods="8" coveredmethods="8" conditionals="0" coveredconditionals="0" statements="14" coveredstatements="14" elements="22" coveredelements="22"/>
    </file>
    <file name="/var/lib/jenkins/jobs/RaidGnome/workspace/src/application/models/Server.php">
      <class name="Gnome_Model_Server" namespace="global" fullPackage="Model" package="Model">
        <metrics methods="8" coveredmethods="8" conditionals="0" coveredconditionals="0" statements="12" coveredstatements="12" elements="20" coveredelements="20"/>
      </class>
      <line num="24" type="stmt" count="1"/>
      <line num="54" type="method" name="getName" crap="1" count="4"/>
      <line num="56" type="stmt" count="4"/>
      <line num="62" type="method" name="getRegion" crap="1" count="4"/>
      <line num="64" type="stmt" count="4"/>
      <line num="70" type="method" name="setName" crap="1" count="6"/>
      <line num="72" type="stmt" count="6"/>
      <line num="73" type="stmt" count="6"/>
      <line num="78" type="method" name="setRegion" crap="1" count="6"/>
      <line num="80" type="stmt" count="6"/>
      <line num="81" type="stmt" count="6"/>
      <line num="86" type="method" name="getType" crap="1" count="4"/>
      <line num="88" type="stmt" count="4"/>
      <line num="94" type="method" name="setType" crap="1" count="6"/>
      <line num="96" type="stmt" count="6"/>
      <line num="97" type="stmt" count="6"/>
      <line num="102" type="method" name="getSlug" crap="1" count="4"/>
      <line num="104" type="stmt" count="4"/>
      <line num="110" type="method" name="setSlug" crap="1" count="6"/>
      <line num="112" type="stmt" count="6"/>
      <line num="113" type="stmt" count="6"/>
      <line num="115" type="stmt" count="1"/>
      <metrics loc="114" ncloc="58" classes="1" methods="8" coveredmethods="8" conditionals="0" coveredconditionals="0" statements="14" coveredstatements="14" elements="22" coveredelements="22"/>
    </file>
    <file name="/var/lib/jenkins/jobs/RaidGnome/workspace/src/application/models/mappers/Db/Account.php">
      <class name="Gnome_Model_Mapper_Db_Account" namespace="global" fullPackage="ModelMapper.Db" package="ModelMapper" subpackage="Db">
        <metrics methods="4" coveredmethods="4" conditionals="0" coveredconditionals="0" statements="33" coveredstatements="33" elements="37" coveredelements="37"/>
      </class>
      <line num="24" type="stmt" count="1"/>
      <line num="32" type="method" name="toArray" crap="1" count="2"/>
      <line num="34" type="stmt" count="2"/>
      <line num="35" type="stmt" count="2"/>
      <line num="36" type="stmt" count="2"/>
      <line num="37" type="stmt" count="2"/>
      <line num="39" type="stmt" count="2"/>
      <line num="48" type="method" name="keyExists" crap="2" count="1"/>
      <line num="51" type="stmt" count="1"/>
      <line num="52" type="stmt" count="1"/>
      <line num="53" type="stmt" count="1"/>
      <line num="54" type="stmt" count="1"/>
      <line num="55" type="stmt" count="1"/>
      <line num="68" type="method" name="findByKey" crap="3" count="1"/>
      <line num="70" type="stmt" count="1"/>
      <line num="71" type="stmt" count="1"/>
      <line num="72" type="stmt" count="1"/>
      <line num="74" type="stmt" count="1"/>
      <line num="76" type="stmt" count="1"/>
      <line num="77" type="stmt" count="1"/>
      <line num="78" type="stmt" count="1"/>
      <line num="79" type="stmt" count="1"/>
      <line num="82" type="stmt" count="1"/>
      <line num="83" type="stmt" count="1"/>
      <line num="84" type="stmt" count="1"/>
      <line num="85" type="stmt" count="1"/>
      <line num="96" type="method" name="findByMail" crap="3" count="2"/>
      <line num="98" type="stmt" count="2"/>
      <line num="99" type="stmt" count="2"/>
      <line num="101" type="stmt" count="2"/>
      <line num="102" type="stmt" count="2"/>
      <line num="103" type="stmt" count="1"/>
      <line num="104" type="stmt" count="1"/>
      <line num="105" type="stmt" count="1"/>
      <line num="108" type="stmt" count="1"/>
      <line num="109" type="stmt" count="1"/>
      <line num="110" type="stmt" count="1"/>
      <line num="111" type="stmt" count="1"/>
      <line num="115" type="stmt" count="1"/>
      <metrics loc="114" ncloc="65" classes="1" methods="4" coveredmethods="4" conditionals="0" coveredconditionals="0" statements="35" coveredstatements="35" elements="39" coveredelements="39"/>
    </file>
    <file name="/var/lib/jenkins/jobs/RaidGnome/workspace/src/application/models/mappers/Db/AccountToGroup.php">
      <class name="Gnome_Model_Mapper_Db_AccountToGroup" namespace="global" fullPackage="ModelMapper.Db" package="ModelMapper" subpackage="Db">
        <metrics methods="3" coveredmethods="3" conditionals="0" coveredconditionals="0" statements="42" coveredstatements="42" elements="45" coveredelements="45"/>
      </class>
      <line num="24" type="stmt" count="1"/>
      <line num="33" type="method" name="addAccountToGroup" crap="4" count="4"/>
      <line num="35" type="stmt" count="4"/>
      <line num="36" type="stmt" count="1"/>
      <line num="37" type="stmt" count="1"/>
      <line num="38" type="stmt" count="4"/>
      <line num="39" type="stmt" count="1"/>
      <line num="40" type="stmt" count="1"/>
      <line num="43" type="stmt" count="4"/>
      <line num="44" type="stmt" count="4"/>
      <line num="46" type="stmt" count="4"/>
      <line num="49" type="stmt" count="4"/>
      <line num="58" type="stmt" count="4"/>
      <line num="66" type="method" name="removeAccountFromGroup" crap="4" count="3"/>
      <line num="68" type="stmt" count="3"/>
      <line num="69" type="stmt" count="1"/>
      <line num="70" type="stmt" count="1"/>
      <line num="71" type="stmt" count="3"/>
      <line num="72" type="stmt" count="1"/>
      <line num="73" type="stmt" count="1"/>
      <line num="75" type="stmt" count="3"/>
      <line num="76" type="stmt" count="3"/>
      <line num="78" type="stmt" count="3"/>
      <line num="80" type="stmt" count="3"/>
      <line num="81" type="stmt" count="1"/>
      <line num="82" type="stmt" count="1"/>
      <line num="83" type="stmt" count="1"/>
      <line num="84" type="stmt" count="1"/>
      <line num="86" type="stmt" count="2"/>
      <line num="95" type="method" name="setStatus" crap="4" count="2"/>
      <line num="97" type="stmt" count="2"/>
      <line num="98" type="stmt" count="1"/>
      <line num="99" type="stmt" count="1"/>
      <line num="100" type="stmt" count="2"/>
      <line num="101" type="stmt" count="1"/>
      <line num="102" type="stmt" count="1"/>
      <line num="106" type="stmt" count="2"/>
      <line num="108" type="stmt" count="2"/>
      <line num="110" type="stmt" count="2"/>
      <line num="112" type="stmt" count="2"/>
      <line num="113" type="stmt" count="2"/>
      <line num="114" type="stmt" count="1"/>
      <line num="115" type="stmt" count="1"/>
      <line num="116" type="stmt" count="1"/>
      <line num="117" type="stmt" count="1"/>
      <line num="119" type="stmt" count="1"/>
      <line num="121" type="stmt" count="1"/>
      <metrics loc="120" ncloc="76" classes="1" methods="3" coveredmethods="3" conditionals="0" coveredconditionals="0" statements="44" coveredstatements="44" elements="47" coveredelements="47"/>
    </file>
    <file name="/var/lib/jenkins/jobs/RaidGnome/workspace/src/application/models/mappers/Db/Application.php">
      <class name="Gnome_Model_Mapper_Db_Application" namespace="global" fullPackage="ModelMapper.Db" package="ModelMapper" subpackage="Db">
        <metrics methods="3" coveredmethods="3" conditionals="0" coveredconditionals="0" statements="19" coveredstatements="19" elements="22" coveredelements="22"/>
      </class>
      <line num="24" type="stmt" count="1"/>
      <line num="32" type="method" name="toArray" crap="1" count="2"/>
      <line num="35" type="stmt" count="2"/>
      <line num="36" type="stmt" count="2"/>
      <line num="37" type="stmt" count="2"/>
      <line num="38" type="stmt" count="2"/>
      <line num="39" type="stmt" count="2"/>
      <line num="40" type="stmt" count="2"/>
      <line num="41" type="stmt" count="2"/>
      <line num="43" type="stmt" count="2"/>
      <line num="56" type="method" name="save" crap="1" count="1"/>
      <line num="58" type="stmt" count="1"/>
      <line num="59" type="stmt" count="1"/>
      <line num="66" type="method" name="fetchForEvent" crap="2" count="2"/>
      <line num="68" type="stmt" count="2"/>
      <line num="69" type="stmt" count="1"/>
      <line num="70" type="stmt" count="1"/>
      <line num="72" type="stmt" count="2"/>
      <line num="73" type="stmt" count="2"/>
      <line num="74" type="stmt" count="2"/>
      <line num="75" type="stmt" count="2"/>
      <line num="76" type="stmt" count="2"/>
      <line num="77" type="stmt" count="2"/>
      <line num="81" type="stmt" count="1"/>
      <metrics loc="80" ncloc="40" classes="1" methods="3" coveredmethods="3" conditionals="0" coveredconditionals="0" statements="21" coveredstatements="21" elements="24" coveredelements="24"/>
    </file>
    <file name="/var/lib/jenkins/jobs/RaidGnome/workspace/src/application/models/mappers/Db/Char.php">
      <class name="Gnome_Model_Mapper_Db_Char" namespace="global" fullPackage="ModelMapper.Db" package="ModelMapper" subpackage="Db">
        <metrics methods="2" coveredmethods="2" conditionals="0" coveredconditionals="0" statements="26" coveredstatements="26" elements="28" coveredelements="28"/>
      </class>
      <line num="24" type="stmt" count="1"/>
      <line num="32" type="method" name="toArray" crap="1" count="1"/>
      <line num="35" type="stmt" count="1"/>
      <line num="36" type="stmt" count="1"/>
      <line num="37" type="stmt" count="1"/>
      <line num="38" type="stmt" count="1"/>
      <line num="39" type="stmt" count="1"/>
      <line num="40" type="stmt" count="1"/>
      <line num="41" type="stmt" count="1"/>
      <line num="42" type="stmt" count="1"/>
      <line num="43" type="stmt" count="1"/>
      <line num="44" type="stmt" count="1"/>
      <line num="45" type="stmt" count="1"/>
      <line num="46" type="stmt" count="1"/>
      <line num="47" type="stmt" count="1"/>
      <line num="48" type="stmt" count="1"/>
      <line num="49" type="stmt" count="1"/>
      <line num="50" type="stmt" count="1"/>
      <line num="52" type="stmt" count="1"/>
      <line num="59" type="method" name="findByAccount" crap="2" count="2"/>
      <line num="61" type="stmt" count="2"/>
      <line num="62" type="stmt" count="1"/>
      <line num="63" type="stmt" count="1"/>
      <line num="65" type="stmt" count="2"/>
      <line num="66" type="stmt" count="2"/>
      <line num="67" type="stmt" count="2"/>
      <line num="69" type="stmt" count="2"/>
      <line num="70" type="stmt" count="2"/>
      <line num="71" type="stmt" count="2"/>
      <line num="75" type="stmt" count="1"/>
      <metrics loc="74" ncloc="44" classes="1" methods="2" coveredmethods="2" conditionals="0" coveredconditionals="0" statements="28" coveredstatements="28" elements="30" coveredelements="30"/>
    </file>
    <file name="/var/lib/jenkins/jobs/RaidGnome/workspace/src/application/models/mappers/Db/Event.php">
      <class name="Gnome_Model_Mapper_Db_Event" namespace="global" fullPackage="ModelMapper.Db" package="ModelMapper" subpackage="Db">
        <metrics methods="2" coveredmethods="2" conditionals="0" coveredconditionals="0" statements="28" coveredstatements="28" elements="30" coveredelements="30"/>
      </class>
      <line num="24" type="stmt" count="1"/>
      <line num="32" type="method" name="toArray" crap="1" count="1"/>
      <line num="35" type="stmt" count="1"/>
      <line num="36" type="stmt" count="1"/>
      <line num="37" type="stmt" count="1"/>
      <line num="38" type="stmt" count="1"/>
      <line num="39" type="stmt" count="1"/>
      <line num="40" type="stmt" count="1"/>
      <line num="41" type="stmt" count="1"/>
      <line num="42" type="stmt" count="1"/>
      <line num="43" type="stmt" count="1"/>
      <line num="45" type="stmt" count="1"/>
      <line num="55" type="method" name="fetchEvents" crap="4" count="2"/>
      <line num="57" type="stmt" count="2"/>
      <line num="58" type="stmt" count="1"/>
      <line num="59" type="stmt" count="1"/>
      <line num="60" type="stmt" count="2"/>
      <line num="61" type="stmt" count="1"/>
      <line num="62" type="stmt" count="1"/>
      <line num="63" type="stmt" count="2"/>
      <line num="64" type="stmt" count="1"/>
      <line num="65" type="stmt" count="1"/>
      <line num="67" type="stmt" count="2"/>
      <line num="68" type="stmt" count="2"/>
      <line num="69" type="stmt" count="2"/>
      <line num="70" type="stmt" count="2"/>
      <line num="71" type="stmt" count="2"/>
      <line num="73" type="stmt" count="2"/>
      <line num="75" type="stmt" count="2"/>
      <line num="76" type="stmt" count="2"/>
      <line num="78" type="stmt" count="2"/>
      <line num="82" type="stmt" count="1"/>
      <metrics loc="81" ncloc="48" classes="1" methods="2" coveredmethods="2" conditionals="0" coveredconditionals="0" statements="30" coveredstatements="30" elements="32" coveredelements="32"/>
    </file>
    <file name="/var/lib/jenkins/jobs/RaidGnome/workspace/src/application/models/mappers/Db/Group.php">
      <class name="Gnome_Model_Mapper_Db_Group" namespace="global" fullPackage="ModelMapper.Db" package="ModelMapper" subpackage="Db">
        <metrics methods="4" coveredmethods="4" conditionals="0" coveredconditionals="0" statements="36" coveredstatements="36" elements="40" coveredelements="40"/>
      </class>
      <line num="24" type="stmt" count="1"/>
      <line num="32" type="method" name="toArray" crap="1" count="1"/>
      <line num="34" type="stmt" count="1"/>
      <line num="35" type="stmt" count="1"/>
      <line num="36" type="stmt" count="1"/>
      <line num="37" type="stmt" count="1"/>
      <line num="39" type="stmt" count="1"/>
      <line num="48" type="method" name="findLikeName" crap="1" count="1"/>
      <line num="50" type="stmt" count="1"/>
      <line num="51" type="stmt" count="1"/>
      <line num="52" type="stmt" count="1"/>
      <line num="53" type="stmt" count="1"/>
      <line num="55" type="stmt" count="1"/>
      <line num="57" type="stmt" count="1"/>
      <line num="66" type="method" name="findByCreator" crap="1" count="1"/>
      <line num="68" type="stmt" count="1"/>
      <line num="69" type="stmt" count="1"/>
      <line num="70" type="stmt" count="1"/>
      <line num="71" type="stmt" count="1"/>
      <line num="73" type="stmt" count="1"/>
      <line num="75" type="stmt" count="1"/>
      <line num="83" type="method" name="findByAccount" crap="2" count="3"/>
      <line num="85" type="stmt" count="3"/>
      <line num="86" type="stmt" count="1"/>
      <line num="87" type="stmt" count="1"/>
      <line num="88" type="stmt" count="3"/>
      <line num="89" type="stmt" count="3"/>
      <line num="90" type="stmt" count="3"/>
      <line num="91" type="stmt" count="3"/>
      <line num="92" type="stmt" count="3"/>
      <line num="93" type="stmt" count="3"/>
      <line num="94" type="stmt" count="3"/>
      <line num="95" type="stmt" count="3"/>
      <line num="96" type="stmt" count="3"/>
      <line num="97" type="stmt" count="3"/>
      <line num="98" type="stmt" count="3"/>
      <line num="99" type="stmt" count="3"/>
      <line num="100" type="stmt" count="3"/>
      <line num="102" type="stmt" count="3"/>
      <line num="103" type="stmt" count="3"/>
      <line num="105" type="stmt" count="3"/>
      <line num="109" type="stmt" count="1"/>
      <metrics loc="108" ncloc="65" classes="1" methods="4" coveredmethods="4" conditionals="0" coveredconditionals="0" statements="38" coveredstatements="38" elements="42" coveredelements="42"/>
    </file>
    <file name="/var/lib/jenkins/jobs/RaidGnome/workspace/src/application/models/mappers/Db/Server.php">
      <class name="Gnome_Model_Mapper_Db_Server" namespace="global" fullPackage="ModelMapper.Db" package="ModelMapper" subpackage="Db">
        <metrics methods="4" coveredmethods="4" conditionals="0" coveredconditionals="0" statements="34" coveredstatements="34" elements="38" coveredelements="38"/>
      </class>
      <line num="24" type="stmt" count="1"/>
      <line num="32" type="method" name="toArray" crap="1" count="2"/>
      <line num="35" type="stmt" count="2"/>
      <line num="36" type="stmt" count="2"/>
      <line num="37" type="stmt" count="2"/>
      <line num="38" type="stmt" count="2"/>
      <line num="39" type="stmt" count="2"/>
      <line num="41" type="stmt" count="2"/>
      <line num="50" type="method" name="findLikeName" crap="1" count="1"/>
      <line num="52" type="stmt" count="1"/>
      <line num="53" type="stmt" count="1"/>
      <line num="54" type="stmt" count="1"/>
      <line num="55" type="stmt" count="1"/>
      <line num="57" type="stmt" count="1"/>
      <line num="59" type="stmt" count="1"/>
      <line num="69" type="method" name="findBySlugAndRegion" crap="2" count="3"/>
      <line num="71" type="stmt" count="3"/>
      <line num="72" type="stmt" count="3"/>
      <line num="73" type="stmt" count="3"/>
      <line num="75" type="stmt" count="3"/>
      <line num="76" type="stmt" count="3"/>
      <line num="77" type="stmt" count="2"/>
      <line num="78" type="stmt" count="2"/>
      <line num="80" type="stmt" count="2"/>
      <line num="88" type="method" name="updateFromList" crap="3" count="1"/>
      <line num="90" type="stmt" count="1"/>
      <line num="91" type="stmt" count="1"/>
      <line num="92" type="stmt" count="1"/>
      <line num="93" type="stmt" count="1"/>
      <line num="94" type="stmt" count="1"/>
      <line num="95" type="stmt" count="1"/>
      <line num="96" type="stmt" count="1"/>
      <line num="97" type="stmt" count="1"/>
      <line num="98" type="stmt" count="1"/>
      <line num="99" type="stmt" count="1"/>
      <line num="100" type="stmt" count="1"/>
      <line num="101" type="stmt" count="1"/>
      <line num="102" type="stmt" count="1"/>
      <line num="103" type="stmt" count="1"/>
      <line num="105" type="stmt" count="1"/>
      <metrics loc="104" ncloc="60" classes="1" methods="4" coveredmethods="4" conditionals="0" coveredconditionals="0" statements="36" coveredstatements="36" elements="40" coveredelements="40"/>
    </file>
    <file name="/var/lib/jenkins/jobs/RaidGnome/workspace/src/application/models/mappers/WowApi/Server.php">
      <class name="Gnome_Model_Mapper_WowApi_Server" namespace="global" fullPackage="ModelMapper.WowApi" package="ModelMapper" subpackage="WowApi">
        <metrics methods="1" coveredmethods="1" conditionals="0" coveredconditionals="0" statements="10" coveredstatements="10" elements="11" coveredelements="11"/>
      </class>
      <line num="24" type="stmt" count="1"/>
      <line num="36" type="method" name="getList" crap="2" count="4"/>
      <line num="38" type="stmt" count="4"/>
      <line num="39" type="stmt" count="1"/>
      <line num="41" type="stmt" count="1"/>
      <line num="42" type="stmt" count="1"/>
      <line num="43" type="stmt" count="1"/>
      <line num="44" type="stmt" count="1"/>
      <line num="45" type="stmt" count="1"/>
      <line num="46" type="stmt" count="1"/>
      <line num="47" type="stmt" count="1"/>
      <line num="49" type="stmt" count="1"/>
      <line num="52" type="stmt" count="1"/>
      <metrics loc="51" ncloc="23" classes="1" methods="1" coveredmethods="1" conditionals="0" coveredconditionals="0" statements="12" coveredstatements="12" elements="13" coveredelements="13"/>
    </file>
    <file name="/var/lib/jenkins/jobs/RaidGnome/workspace/src/application/views/helpers/MainMenu.php">
      <class name="Gnome_View_Helper_MainMenu" namespace="global" fullPackage="View.Helper" package="View" subpackage="Helper">
        <metrics methods="2" coveredmethods="1" conditionals="0" coveredconditionals="0" statements="22" coveredstatements="21" elements="24" coveredelements="22"/>
      </class>
      <line num="24" type="stmt" count="1"/>
      <line num="37" type="method" name="direct" crap="2" count="0"/>
      <line num="39" type="stmt" count="0"/>
      <line num="45" type="method" name="mainMenu" crap="1" count="4"/>
      <line num="47" type="stmt" count="4"/>
      <line num="48" type="stmt" count="4"/>
      <line num="49" type="stmt" count="4"/>
      <line num="50" type="stmt" count="4"/>
      <line num="52" type="stmt" count="4"/>
      <line num="53" type="stmt" count="4"/>
      <line num="54" type="stmt" count="4"/>
      <line num="55" type="stmt" count="4"/>
      <line num="56" type="stmt" count="4"/>
      <line num="58" type="stmt" count="4"/>
      <line num="59" type="stmt" count="4"/>
      <line num="60" type="stmt" count="4"/>
      <line num="61" type="stmt" count="4"/>
      <line num="62" type="stmt" count="4"/>
      <line num="64" type="stmt" count="4"/>
      <line num="65" type="stmt" count="4"/>
      <line num="66" type="stmt" count="4"/>
      <line num="67" type="stmt" count="4"/>
      <line num="68" type="stmt" count="4"/>
      <line num="70" type="stmt" count="4"/>
      <line num="72" type="stmt" count="4"/>
      <line num="76" type="stmt" count="1"/>
      <metrics loc="75" ncloc="43" classes="1" methods="2" coveredmethods="1" conditionals="0" coveredconditionals="0" statements="24" coveredstatements="23" elements="26" coveredelements="24"/>
    </file>
    <file name="/var/lib/jenkins/jobs/RaidGnome/workspace/src/library/App/Controller/Helper/Recovery.php">
      <class name="App_Controller_Helper_Recovery" namespace="global" fullPackage="Controller.Helper" package="Controller" subpackage="Helper">
        <metrics methods="1" coveredmethods="1" conditionals="0" coveredconditionals="0" statements="9" coveredstatements="9" elements="10" coveredelements="10"/>
      </class>
      <line num="24" type="stmt" count="1"/>
      <line num="32" type="method" name="generatePassword" crap="3" count="1"/>
      <line num="34" type="stmt" count="1"/>
      <line num="35" type="stmt" count="1"/>
      <line num="36" type="stmt" count="1"/>
      <line num="37" type="stmt" count="1"/>
      <line num="38" type="stmt" count="1"/>
      <line num="39" type="stmt" count="1"/>
      <line num="40" type="stmt" count="1"/>
      <line num="41" type="stmt" count="1"/>
      <line num="42" type="stmt" count="1"/>
      <line num="45" type="stmt" count="1"/>
      <metrics loc="44" ncloc="18" classes="1" methods="1" coveredmethods="1" conditionals="0" coveredconditionals="0" statements="11" coveredstatements="11" elements="12" coveredelements="12"/>
    </file>
    <file name="/var/lib/jenkins/jobs/RaidGnome/workspace/src/library/App/Controller/Helper/Signup.php">
      <class name="App_Controller_Helper_Signup" namespace="global" fullPackage="Controller.Helper" package="Controller" subpackage="Helper">
        <metrics methods="5" coveredmethods="4" conditionals="0" coveredconditionals="0" statements="32" coveredstatements="23" elements="37" coveredelements="27"/>
      </class>
      <line num="24" type="stmt" count="1"/>
      <line num="43" type="method" name="signUp" crap="1" count="1"/>
      <line num="45" type="stmt" count="1"/>
      <line num="47" type="stmt" count="1"/>
      <line num="50" type="stmt" count="1"/>
      <line num="51" type="stmt" count="1"/>
      <line num="52" type="stmt" count="1"/>
      <line num="60" type="method" name="encryptPassword" crap="2" count="2"/>
      <line num="62" type="stmt" count="2"/>
      <line num="65" type="stmt" count="2"/>
      <line num="66" type="stmt" count="2"/>
      <line num="74" type="method" name="createKey" crap="2" count="1"/>
      <line num="78" type="stmt" count="1"/>
      <line num="81" type="stmt" count="1"/>
      <line num="82" type="stmt" count="1"/>
      <line num="83" type="stmt" count="1"/>
      <line num="84" type="stmt" count="1"/>
      <line num="85" type="stmt" count="1"/>
      <line num="87" type="stmt" count="1"/>
      <line num="96" type="method" name="verify" crap="6" count="0"/>
      <line num="100" type="stmt" count="0"/>
      <line num="103" type="stmt" count="0"/>
      <line num="104" type="stmt" count="0"/>
      <line num="106" type="stmt" count="0"/>
      <line num="107" type="stmt" count="0"/>
      <line num="108" type="stmt" count="0"/>
      <line num="109" type="stmt" count="0"/>
      <line num="110" type="stmt" count="0"/>
      <line num="111" type="stmt" count="0"/>
      <line num="120" type="method" name="generateKeySection" crap="3" count="1"/>
      <line num="122" type="stmt" count="1"/>
      <line num="123" type="stmt" count="1"/>
      <line num="124" type="stmt" count="1"/>
      <line num="125" type="stmt" count="1"/>
      <line num="126" type="stmt" count="1"/>
      <line num="127" type="stmt" count="1"/>
      <line num="128" type="stmt" count="1"/>
      <line num="129" type="stmt" count="1"/>
      <line num="132" type="stmt" count="1"/>
      <metrics loc="131" ncloc="71" classes="1" methods="5" coveredmethods="4" conditionals="0" coveredconditionals="0" statements="34" coveredstatements="25" elements="39" coveredelements="29"/>
    </file>
    <file name="/var/lib/jenkins/jobs/RaidGnome/workspace/src/library/App/List/Application.php">
      <class name="App_List_Application" namespace="global" fullPackage="List" package="List">
        <metrics methods="1" coveredmethods="1" conditionals="0" coveredconditionals="0" statements="2" coveredstatements="2" elements="3" coveredelements="3"/>
      </class>
      <line num="24" type="stmt" count="1"/>
      <line num="30" type="method" name="add" crap="1" count="2"/>
      <line num="32" type="stmt" count="2"/>
      <line num="33" type="stmt" count="2"/>
      <line num="35" type="stmt" count="1"/>
      <metrics loc="34" ncloc="10" classes="1" methods="1" coveredmethods="1" conditionals="0" coveredconditionals="0" statements="4" coveredstatements="4" elements="5" coveredelements="5"/>
    </file>
    <file name="/var/lib/jenkins/jobs/RaidGnome/workspace/src/library/App/List/Char.php">
      <class name="App_List_Char" namespace="global" fullPackage="List" package="List">
        <metrics methods="1" coveredmethods="1" conditionals="0" coveredconditionals="0" statements="2" coveredstatements="2" elements="3" coveredelements="3"/>
      </class>
      <line num="24" type="stmt" count="1"/>
      <line num="30" type="method" name="add" crap="1" count="2"/>
      <line num="32" type="stmt" count="2"/>
      <line num="33" type="stmt" count="2"/>
      <line num="35" type="stmt" count="1"/>
      <metrics loc="34" ncloc="10" classes="1" methods="1" coveredmethods="1" conditionals="0" coveredconditionals="0" statements="4" coveredstatements="4" elements="5" coveredelements="5"/>
    </file>
    <file name="/var/lib/jenkins/jobs/RaidGnome/workspace/src/library/App/List/Event.php">
      <class name="App_List_Event" namespace="global" fullPackage="List" package="List">
        <metrics methods="1" coveredmethods="1" conditionals="0" coveredconditionals="0" statements="2" coveredstatements="2" elements="3" coveredelements="3"/>
      </class>
      <line num="24" type="stmt" count="1"/>
      <line num="30" type="method" name="add" crap="1" count="2"/>
      <line num="32" type="stmt" count="2"/>
      <line num="33" type="stmt" count="2"/>
      <line num="35" type="stmt" count="1"/>
      <metrics loc="34" ncloc="10" classes="1" methods="1" coveredmethods="1" conditionals="0" coveredconditionals="0" statements="4" coveredstatements="4" elements="5" coveredelements="5"/>
    </file>
    <file name="/var/lib/jenkins/jobs/RaidGnome/workspace/src/library/App/List/Group.php">
      <class name="App_List_Group" namespace="global" fullPackage="List" package="List">
        <metrics methods="1" coveredmethods="1" conditionals="0" coveredconditionals="0" statements="2" coveredstatements="2" elements="3" coveredelements="3"/>
      </class>
      <line num="24" type="stmt" count="1"/>
      <line num="30" type="method" name="add" crap="1" count="4"/>
      <line num="32" type="stmt" count="4"/>
      <line num="33" type="stmt" count="4"/>
      <line num="35" type="stmt" count="1"/>
      <metrics loc="34" ncloc="10" classes="1" methods="1" coveredmethods="1" conditionals="0" coveredconditionals="0" statements="4" coveredstatements="4" elements="5" coveredelements="5"/>
    </file>
    <file name="/var/lib/jenkins/jobs/RaidGnome/workspace/src/library/App/List/Server.php">
      <class name="App_List_Server" namespace="global" fullPackage="List" package="List">
        <metrics methods="1" coveredmethods="1" conditionals="0" coveredconditionals="0" statements="2" coveredstatements="2" elements="3" coveredelements="3"/>
      </class>
      <line num="24" type="stmt" count="1"/>
      <line num="30" type="method" name="add" crap="1" count="3"/>
      <line num="32" type="stmt" count="3"/>
      <line num="33" type="stmt" count="3"/>
      <line num="35" type="stmt" count="1"/>
      <metrics loc="34" ncloc="10" classes="1" methods="1" coveredmethods="1" conditionals="0" coveredconditionals="0" statements="4" coveredstatements="4" elements="5" coveredelements="5"/>
    </file>
    <file name="/var/lib/jenkins/jobs/RaidGnome/workspace/src/library/App/Mailer/Account.php">
      <class name="App_Mailer_Account" namespace="global" fullPackage="Mailer" package="Mailer">
        <metrics methods="8" coveredmethods="7" conditionals="0" coveredconditionals="0" statements="54" coveredstatements="46" elements="62" coveredelements="53"/>
      </class>
      <line num="24" type="stmt" count="1"/>
      <line num="45" type="method" name="__construct" crap="2.06" count="3"/>
      <line num="47" type="stmt" count="3"/>
      <line num="48" type="stmt" count="0"/>
      <line num="50" type="stmt" count="3"/>
      <line num="51" type="stmt" count="3"/>
      <line num="56" type="method" name="getTransport" crap="2.50" count="3"/>
      <line num="58" type="stmt" count="3"/>
      <line num="59" type="stmt" count="0"/>
      <line num="60" type="stmt" count="0"/>
      <line num="61" type="stmt" count="3"/>
      <line num="67" type="method" name="setTransport" crap="1" count="3"/>
      <line num="69" type="stmt" count="3"/>
      <line num="70" type="stmt" count="3"/>
      <line num="75" type="method" name="getView" crap="2" count="3"/>
      <line num="78" type="stmt" count="3"/>
      <line num="79" type="stmt" count="3"/>
      <line num="80" type="stmt" count="3"/>
      <line num="82" type="stmt" count="3"/>
      <line num="88" type="method" name="setView" crap="2" count="0"/>
      <line num="90" type="stmt" count="0"/>
      <line num="91" type="stmt" count="0"/>
      <line num="96" type="method" name="sendAccountVerificationMail" crap="2.00" count="1"/>
      <line num="98" type="stmt" count="1"/>
      <line num="99" type="stmt" count="0"/>
      <line num="102" type="stmt" count="1"/>
      <line num="103" type="stmt" count="1"/>
      <line num="104" type="stmt" count="1"/>
      <line num="105" type="stmt" count="1"/>
      <line num="106" type="stmt" count="1"/>
      <line num="107" type="stmt" count="1"/>
      <line num="108" type="stmt" count="1"/>
      <line num="109" type="stmt" count="1"/>
      <line num="111" type="stmt" count="1"/>
      <line num="112" type="stmt" count="1"/>
      <line num="113" type="stmt" count="1"/>
      <line num="114" type="stmt" count="1"/>
      <line num="116" type="stmt" count="1"/>
      <line num="117" type="stmt" count="1"/>
      <line num="122" type="method" name="sendPasswordRecoveryMail" crap="2.00" count="1"/>
      <line num="124" type="stmt" count="1"/>
      <line num="125" type="stmt" count="0"/>
      <line num="128" type="stmt" count="1"/>
      <line num="129" type="stmt" count="1"/>
      <line num="130" type="stmt" count="1"/>
      <line num="131" type="stmt" count="1"/>
      <line num="133" type="stmt" count="1"/>
      <line num="134" type="stmt" count="1"/>
      <line num="135" type="stmt" count="1"/>
      <line num="137" type="stmt" count="1"/>
      <line num="138" type="stmt" count="1"/>
      <line num="145" type="method" name="sendNewPasswordMail" crap="2.00" count="1"/>
      <line num="147" type="stmt" count="1"/>
      <line num="148" type="stmt" count="0"/>
      <line num="151" type="stmt" count="1"/>
      <line num="152" type="stmt" count="1"/>
      <line num="153" type="stmt" count="1"/>
      <line num="154" type="stmt" count="1"/>
      <line num="156" type="stmt" count="1"/>
      <line num="157" type="stmt" count="1"/>
      <line num="158" type="stmt" count="1"/>
      <line num="160" type="stmt" count="1"/>
      <line num="161" type="stmt" count="1"/>
      <line num="163" type="stmt" count="1"/>
      <metrics loc="162" ncloc="102" classes="1" methods="8" coveredmethods="7" conditionals="0" coveredconditionals="0" statements="56" coveredstatements="48" elements="64" coveredelements="55"/>
    </file>
    <file name="/var/lib/jenkins/jobs/RaidGnome/workspace/src/library/BowShock/Db/Table.php">
      <class name="BowShock_Db_Table" namespace="global" fullPackage="Db" package="Db">
        <metrics methods="1" coveredmethods="1" conditionals="0" coveredconditionals="0" statements="5" coveredstatements="4" elements="6" coveredelements="5"/>
      </class>
      <line num="24" type="stmt" count="1"/>
      <line num="44" type="method" name="__construct" crap="2.03" count="44"/>
      <line num="46" type="stmt" count="44"/>
      <line num="47" type="stmt" count="0"/>
      <line num="49" type="stmt" count="44"/>
      <line num="50" type="stmt" count="44"/>
      <line num="51" type="stmt" count="44"/>
      <line num="54" type="stmt" count="1"/>
      <metrics loc="53" ncloc="19" classes="1" methods="1" coveredmethods="1" conditionals="0" coveredconditionals="0" statements="7" coveredstatements="6" elements="8" coveredelements="7"/>
    </file>
    <file name="/var/lib/jenkins/jobs/RaidGnome/workspace/src/library/BowShock/Exception.php">
      <class name="BowShock_Exception" namespace="global" fullPackage="package.subpackage" package="package" subpackage="subpackage">
        <metrics methods="0" coveredmethods="0" conditionals="0" coveredconditionals="0" statements="0" coveredstatements="0" elements="0" coveredelements="0"/>
      </class>
      <line num="24" type="stmt" count="1"/>
      <line num="26" type="stmt" count="1"/>
      <metrics loc="25" ncloc="5" classes="1" methods="0" coveredmethods="0" conditionals="0" coveredconditionals="0" statements="2" coveredstatements="2" elements="2" coveredelements="2"/>
    </file>
    <file name="/var/lib/jenkins/jobs/RaidGnome/workspace/src/library/BowShock/List.php">
      <class name="BowShock_List" namespace="global" fullPackage="BowShock">
        <metrics methods="4" coveredmethods="4" conditionals="0" coveredconditionals="0" statements="6" coveredstatements="6" elements="10" coveredelements="10"/>
      </class>
      <line num="35" type="stmt" count="1"/>
      <line num="37" type="method" name="getIterator" crap="1" count="4"/>
      <line num="39" type="stmt" count="4"/>
      <line num="44" type="stmt" count="1"/>
      <line num="46" type="method" name="count" crap="1" count="16"/>
      <line num="48" type="stmt" count="16"/>
      <line num="54" type="stmt" count="1"/>
      <line num="56" type="method" name="add" crap="1" count="15"/>
      <line num="58" type="stmt" count="15"/>
      <line num="59" type="stmt" count="15"/>
      <line num="64" type="method" name="clear" crap="1" count="1"/>
      <line num="66" type="stmt" count="1"/>
      <line num="67" type="stmt" count="1"/>
      <line num="78" type="stmt" count="1"/>
      <line num="85" type="stmt" count="1"/>
      <line num="87" type="stmt" count="1"/>
      <line num="93" type="stmt" count="1"/>
      <line num="96" type="stmt" count="1"/>
      <line num="99" type="stmt" count="1"/>
      <line num="100" type="stmt" count="1"/>
      <line num="103" type="stmt" count="1"/>
      <line num="106" type="stmt" count="1"/>
      <line num="108" type="stmt" count="1"/>
      <line num="110" type="stmt" count="1"/>
      <line num="117" type="stmt" count="1"/>
      <line num="126" type="stmt" count="1"/>
      <line num="133" type="stmt" count="1"/>
      <metrics loc="68" ncloc="29" classes="1" methods="4" coveredmethods="4" conditionals="0" coveredconditionals="0" statements="23" coveredstatements="23" elements="27" coveredelements="27"/>
    </file>
    <file name="/var/lib/jenkins/jobs/RaidGnome/workspace/src/library/BowShock/List/Iterator.php">
      <class name="BowShock_List_Iterator" namespace="global" fullPackage="List" package="List">
        <metrics methods="6" coveredmethods="6" conditionals="0" coveredconditionals="0" statements="9" coveredstatements="9" elements="15" coveredelements="15"/>
      </class>
      <line num="39" type="method" name="__construct" crap="1" count="8"/>
      <line num="41" type="stmt" count="8"/>
      <line num="42" type="stmt" count="8"/>
      <line num="47" type="method" name="current" crap="1" count="6"/>
      <line num="49" type="stmt" count="6"/>
      <line num="55" type="method" name="next" crap="1" count="5"/>
      <line num="57" type="stmt" count="5"/>
      <line num="58" type="stmt" count="5"/>
      <line num="63" type="method" name="key" crap="1" count="1"/>
      <line num="65" type="stmt" count="1"/>
      <line num="71" type="method" name="valid" crap="1" count="2"/>
      <line num="73" type="stmt" count="2"/>
      <line num="79" type="method" name="rewind" crap="1" count="1"/>
      <line num="81" type="stmt" count="1"/>
      <line num="82" type="stmt" count="1"/>
      <metrics loc="83" ncloc="39" classes="1" methods="6" coveredmethods="6" conditionals="0" coveredconditionals="0" statements="9" coveredstatements="9" elements="15" coveredelements="15"/>
    </file>
    <file name="/var/lib/jenkins/jobs/RaidGnome/workspace/src/library/BowShock/Mapper/ConstraintException.php">
      <class name="BowShock_Mapper_ConstraintException" namespace="global" fullPackage="Mapper" package="Mapper">
        <metrics methods="0" coveredmethods="0" conditionals="0" coveredconditionals="0" statements="0" coveredstatements="0" elements="0" coveredelements="0"/>
      </class>
      <line num="12" type="stmt" count="0"/>
      <line num="24" type="stmt" count="0"/>
      <line num="25" type="stmt" count="0"/>
      <metrics loc="24" ncloc="6" classes="1" methods="0" coveredmethods="0" conditionals="0" coveredconditionals="0" statements="3" coveredstatements="0" elements="3" coveredelements="0"/>
    </file>
    <file name="/var/lib/jenkins/jobs/RaidGnome/workspace/src/library/BowShock/Mapper/Db/Base.php">
      <class name="BowShock_Mapper_Db_Base" namespace="global" fullPackage="Mapper.Db" package="Mapper" subpackage="Db">
        <metrics methods="10" coveredmethods="10" conditionals="0" coveredconditionals="0" statements="56" coveredstatements="54" elements="66" coveredelements="64"/>
      </class>
      <line num="37" type="method" name="toArray" crap="1" count="9"/>
      <line num="39" type="stmt" count="9"/>
      <line num="40" type="stmt" count="9"/>
      <line num="41" type="stmt" count="9"/>
      <line num="43" type="stmt" count="9"/>
      <line num="51" type="method" name="registerDbTable" crap="1" count="37"/>
      <line num="53" type="stmt" count="37"/>
      <line num="54" type="stmt" count="37"/>
      <line num="61" type="method" name="getDbTable" crap="2" count="37"/>
      <line num="63" type="stmt" count="37"/>
      <line num="64" type="stmt" count="5"/>
      <line num="65" type="stmt" count="5"/>
      <line num="66" type="stmt" count="5"/>
      <line num="67" type="stmt" count="5"/>
      <line num="68" type="stmt" count="37"/>
      <line num="81" type="method" name="save" crap="2" count="6"/>
      <line num="83" type="stmt" count="6"/>
      <line num="84" type="stmt" count="3"/>
      <line num="85" type="stmt" count="3"/>
      <line num="86" type="stmt" count="3"/>
      <line num="87" type="stmt" count="3"/>
      <line num="88" type="stmt" count="3"/>
      <line num="89" type="stmt" count="3"/>
      <line num="91" type="stmt" count="3"/>
      <line num="92" type="stmt" count="3"/>
      <line num="93" type="stmt" count="4"/>
      <line num="94" type="stmt" count="4"/>
      <line num="96" type="stmt" count="6"/>
      <line num="109" type="method" name="find" crap="2" count="5"/>
      <line num="111" type="stmt" count="5"/>
      <line num="112" type="stmt" count="5"/>
      <line num="113" type="stmt" count="2"/>
      <line num="115" type="stmt" count="3"/>
      <line num="116" type="stmt" count="3"/>
      <line num="126" type="method" name="buildModelFromRow" crap="1" count="15"/>
      <line num="128" type="stmt" count="15"/>
      <line num="129" type="stmt" count="15"/>
      <line num="141" type="method" name="buildListFromRowset" crap="3.07" count="12"/>
      <line num="143" type="stmt" count="12"/>
      <line num="144" type="stmt" count="0"/>
      <line num="145" type="stmt" count="0"/>
      <line num="147" type="stmt" count="12"/>
      <line num="148" type="stmt" count="11"/>
      <line num="149" type="stmt" count="11"/>
      <line num="150" type="stmt" count="11"/>
      <line num="151" type="stmt" count="11"/>
      <line num="152" type="stmt" count="11"/>
      <line num="153" type="stmt" count="12"/>
      <line num="161" type="method" name="startTransaction" crap="2" count="3"/>
      <line num="164" type="stmt" count="3"/>
      <line num="165" type="stmt" count="3"/>
      <line num="166" type="stmt" count="1"/>
      <line num="167" type="stmt" count="1"/>
      <line num="169" type="stmt" count="3"/>
      <line num="176" type="method" name="rollbackTransaction" crap="2" count="2"/>
      <line num="179" type="stmt" count="2"/>
      <line num="180" type="stmt" count="2"/>
      <line num="181" type="stmt" count="1"/>
      <line num="182" type="stmt" count="1"/>
      <line num="184" type="stmt" count="1"/>
      <line num="191" type="method" name="commitTransaction" crap="2" count="2"/>
      <line num="194" type="stmt" count="2"/>
      <line num="195" type="stmt" count="2"/>
      <line num="196" type="stmt" count="1"/>
      <line num="197" type="stmt" count="1"/>
      <line num="199" type="stmt" count="1"/>
      <metrics loc="200" ncloc="109" classes="1" methods="10" coveredmethods="10" conditionals="0" coveredconditionals="0" statements="56" coveredstatements="54" elements="66" coveredelements="64"/>
    </file>
    <file name="/var/lib/jenkins/jobs/RaidGnome/workspace/src/library/BowShock/Mapper/Db/CrossTable.php">
      <class name="BowShock_Mapper_Db_CrossTable" namespace="global" fullPackage="Mapper.Db" package="Mapper" subpackage="Db">
        <metrics methods="5" coveredmethods="0" conditionals="0" coveredconditionals="0" statements="5" coveredstatements="0" elements="10" coveredelements="0"/>
      </class>
      <line num="13" type="stmt" count="1"/>
      <line num="26" type="stmt" count="1"/>
      <line num="33" type="method" name="toArray" crap="2" count="0"/>
      <line num="35" type="stmt" count="0"/>
      <line num="46" type="method" name="save" crap="2" count="0"/>
      <line num="48" type="stmt" count="0"/>
      <line num="59" type="method" name="find" crap="2" count="0"/>
      <line num="61" type="stmt" count="0"/>
      <line num="71" type="method" name="buildModelFromRow" crap="2" count="0"/>
      <line num="73" type="stmt" count="0"/>
      <line num="84" type="method" name="buildListFromRowset" crap="2" count="0"/>
      <line num="86" type="stmt" count="0"/>
      <line num="89" type="stmt" count="1"/>
      <metrics loc="88" ncloc="32" classes="1" methods="5" coveredmethods="0" conditionals="0" coveredconditionals="0" statements="8" coveredstatements="3" elements="13" coveredelements="3"/>
    </file>
    <file name="/var/lib/jenkins/jobs/RaidGnome/workspace/src/library/BowShock/Mapper/Exception.php">
      <class name="BowShock_Mapper_Exception" namespace="global" fullPackage="Mapper" package="Mapper">
        <metrics methods="0" coveredmethods="0" conditionals="0" coveredconditionals="0" statements="0" coveredstatements="0" elements="0" coveredelements="0"/>
      </class>
      <line num="24" type="stmt" count="1"/>
      <line num="25" type="stmt" count="1"/>
      <metrics loc="24" ncloc="4" classes="1" methods="0" coveredmethods="0" conditionals="0" coveredconditionals="0" statements="2" coveredstatements="2" elements="2" coveredelements="2"/>
    </file>
    <file name="/var/lib/jenkins/jobs/RaidGnome/workspace/src/library/BowShock/Mapper/Factory.php">
      <class name="BowShock_Mapper_Factory" namespace="global" fullPackage="Mapper" package="Mapper">
        <metrics methods="9" coveredmethods="9" conditionals="0" coveredconditionals="0" statements="33" coveredstatements="33" elements="42" coveredelements="42"/>
      </class>
      <line num="47" type="stmt" count="1"/>
      <line num="49" type="method" name="__construct" crap="1" count="10"/>
      <line num="51" type="stmt" count="10"/>
      <line num="58" type="method" name="getInstance" crap="2" count="13"/>
      <line num="60" type="stmt" count="13"/>
      <line num="61" type="stmt" count="10"/>
      <line num="62" type="stmt" count="10"/>
      <line num="63" type="stmt" count="13"/>
      <line num="69" type="method" name="getMapperNamespace" crap="1" count="5"/>
      <line num="71" type="stmt" count="5"/>
      <line num="75" type="stmt" count="1"/>
      <line num="77" type="method" name="setMapperNamespace" crap="1" count="5"/>
      <line num="78" type="stmt" count="1"/>
      <line num="79" type="stmt" count="5"/>
      <line num="80" type="stmt" count="5"/>
      <line num="82" type="stmt" count="1"/>
      <line num="85" type="method" name="resetInstance" crap="1" count="9"/>
      <line num="87" type="stmt" count="9"/>
      <line num="88" type="stmt" count="9"/>
      <line num="91" type="stmt" count="1"/>
      <line num="97" type="method" name="registerMapper" crap="2" count="8"/>
      <line num="99" type="stmt" count="8"/>
      <line num="100" type="stmt" count="5"/>
      <line num="101" type="stmt" count="5"/>
      <line num="102" type="stmt" count="7"/>
      <line num="103" type="stmt" count="7"/>
      <line num="110" type="method" name="isMapperRegistered" crap="3" count="1"/>
      <line num="112" type="stmt" count="1"/>
      <line num="113" type="stmt" count="1"/>
      <line num="114" type="stmt" count="1"/>
      <line num="115" type="stmt" count="1"/>
      <line num="127" type="method" name="getMapper" crap="3" count="7"/>
      <line num="129" type="stmt" count="7"/>
      <line num="130" type="stmt" count="4"/>
      <line num="131" type="stmt" count="1"/>
      <line num="132" type="stmt" count="1"/>
      <line num="134" type="stmt" count="3"/>
      <line num="135" type="stmt" count="3"/>
      <line num="136" type="stmt" count="3"/>
      <line num="138" type="stmt" count="6"/>
      <line num="151" type="method" name="__call" crap="2" count="6"/>
      <line num="153" type="stmt" count="6"/>
      <line num="154" type="stmt" count="5"/>
      <line num="155" type="stmt" count="5"/>
      <line num="157" type="stmt" count="1"/>
      <line num="158" type="stmt" count="1"/>
      <metrics loc="161" ncloc="81" classes="1" methods="9" coveredmethods="9" conditionals="0" coveredconditionals="0" statements="37" coveredstatements="37" elements="46" coveredelements="46"/>
    </file>
    <file name="/var/lib/jenkins/jobs/RaidGnome/workspace/src/library/BowShock/Mapper/FactoryException.php">
      <class name="BowShock_Mapper_FactoryException" namespace="global" fullPackage="Mapper" package="Mapper">
        <metrics methods="0" coveredmethods="0" conditionals="0" coveredconditionals="0" statements="0" coveredstatements="0" elements="0" coveredelements="0"/>
      </class>
      <line num="12" type="stmt" count="0"/>
      <line num="24" type="stmt" count="0"/>
      <line num="25" type="stmt" count="0"/>
      <metrics loc="24" ncloc="6" classes="1" methods="0" coveredmethods="0" conditionals="0" coveredconditionals="0" statements="3" coveredstatements="0" elements="3" coveredelements="0"/>
    </file>
    <file name="/var/lib/jenkins/jobs/RaidGnome/workspace/src/library/BowShock/Mapper/NotFoundException.php">
      <class name="BowShock_Mapper_NotFoundException" namespace="global" fullPackage="Mapper" package="Mapper">
        <metrics methods="0" coveredmethods="0" conditionals="0" coveredconditionals="0" statements="0" coveredstatements="0" elements="0" coveredelements="0"/>
      </class>
      <line num="12" type="stmt" count="1"/>
      <line num="24" type="stmt" count="1"/>
      <line num="25" type="stmt" count="1"/>
      <metrics loc="24" ncloc="6" classes="1" methods="0" coveredmethods="0" conditionals="0" coveredconditionals="0" statements="3" coveredstatements="3" elements="3" coveredelements="3"/>
    </file>
    <file name="/var/lib/jenkins/jobs/RaidGnome/workspace/src/library/BowShock/Mapper/WowApi/Base.php">
      <class name="BowShock_Mapper_WowApi_Base" namespace="global" fullPackage="Mapper.WowApi" package="Mapper" subpackage="WowApi">
        <metrics methods="9" coveredmethods="5" conditionals="0" coveredconditionals="0" statements="23" coveredstatements="16" elements="32" coveredelements="21"/>
      </class>
      <line num="24" type="stmt" count="1"/>
      <line num="48" type="method" name="__construct" crap="1" count="4"/>
      <line num="50" type="stmt" count="4"/>
      <line num="51" type="stmt" count="4"/>
      <line num="56" type="method" name="setClient" crap="2" count="0"/>
      <line num="58" type="stmt" count="0"/>
      <line num="59" type="stmt" count="0"/>
      <line num="64" type="method" name="getClient" crap="2" count="4"/>
      <line num="66" type="stmt" count="4"/>
      <line num="67" type="stmt" count="4"/>
      <line num="68" type="stmt" count="4"/>
      <line num="69" type="stmt" count="4"/>
      <line num="75" type="method" name="getRegion" crap="1" count="1"/>
      <line num="77" type="stmt" count="1"/>
      <line num="83" type="method" name="setRegion" crap="2" count="0"/>
      <line num="85" type="stmt" count="0"/>
      <line num="86" type="stmt" count="0"/>
      <line num="91" type="method" name="getMethod" crap="2" count="0"/>
      <line num="93" type="stmt" count="0"/>
      <line num="99" type="method" name="getUrl" crap="1" count="4"/>
      <line num="101" type="stmt" count="4"/>
      <line num="102" type="stmt" count="4"/>
      <line num="112" type="method" name="addParameter" crap="2" count="0"/>
      <line num="114" type="stmt" count="0"/>
      <line num="115" type="stmt" count="0"/>
      <line num="125" type="method" name="call" crap="2" count="4"/>
      <line num="127" type="stmt" count="4"/>
      <line num="128" type="stmt" count="4"/>
      <line num="129" type="stmt" count="4"/>
      <line num="131" type="stmt" count="4"/>
      <line num="133" type="stmt" count="4"/>
      <line num="134" type="stmt" count="1"/>
      <line num="135" type="stmt" count="1"/>
      <line num="137" type="stmt" count="3"/>
      <line num="138" type="stmt" count="1"/>
      <line num="139" type="stmt" count="1"/>
      <line num="142" type="stmt" count="2"/>
      <line num="144" type="stmt" count="2"/>
      <line num="145" type="stmt" count="2"/>
      <line num="146" type="stmt" count="1"/>
      <line num="147" type="stmt" count="1"/>
      <line num="150" type="stmt" count="1"/>
      <line num="153" type="stmt" count="1"/>
      <metrics loc="152" ncloc="84" classes="1" methods="9" coveredmethods="5" conditionals="0" coveredconditionals="0" statements="34" coveredstatements="27" elements="43" coveredelements="32"/>
    </file>
    <file name="/var/lib/jenkins/jobs/RaidGnome/workspace/src/library/BowShock/Model/Base.php">
      <class name="BowShock_Model_Base" namespace="global" fullPackage="Model.subpackage" package="Model" subpackage="subpackage">
        <metrics methods="7" coveredmethods="7" conditionals="0" coveredconditionals="0" statements="22" coveredstatements="22" elements="29" coveredelements="29"/>
      </class>
      <line num="48" type="method" name="setOptions" crap="3" count="33"/>
      <line num="50" type="stmt" count="33"/>
      <line num="51" type="stmt" count="33"/>
      <line num="52" type="stmt" count="33"/>
      <line num="53" type="stmt" count="33"/>
      <line num="54" type="stmt" count="33"/>
      <line num="55" type="stmt" count="33"/>
      <line num="56" type="stmt" count="33"/>
      <line num="57" type="stmt" count="33"/>
      <line num="58" type="stmt" count="33"/>
      <line num="59" type="stmt" count="33"/>
      <line num="67" type="method" name="setId" crap="2" count="32"/>
      <line num="69" type="stmt" count="32"/>
      <line num="70" type="stmt" count="1"/>
      <line num="71" type="stmt" count="1"/>
      <line num="72" type="stmt" count="32"/>
      <line num="74" type="stmt" count="32"/>
      <line num="82" type="method" name="getId" crap="1" count="24"/>
      <line num="84" type="stmt" count="24"/>
      <line num="93" type="method" name="setCreatedAt" crap="1" count="25"/>
      <line num="95" type="stmt" count="25"/>
      <line num="96" type="stmt" count="25"/>
      <line num="104" type="method" name="getCreatedAt" crap="1" count="10"/>
      <line num="106" type="stmt" count="10"/>
      <line num="115" type="method" name="setUpdatedAt" crap="1" count="25"/>
      <line num="117" type="stmt" count="25"/>
      <line num="118" type="stmt" count="25"/>
      <line num="126" type="method" name="getUpdatedAt" crap="1" count="10"/>
      <line num="128" type="stmt" count="10"/>
      <metrics loc="130" ncloc="61" classes="1" methods="7" coveredmethods="7" conditionals="0" coveredconditionals="0" statements="22" coveredstatements="22" elements="29" coveredelements="29"/>
    </file>
    <file name="/var/lib/jenkins/jobs/RaidGnome/workspace/src/library/BowShock/Model/DbTable/Factory.php">
      <class name="BowShock_Model_DbTable_Factory" namespace="global" fullPackage="Model.DbTable" package="Model" subpackage="DbTable">
        <metrics methods="9" coveredmethods="9" conditionals="0" coveredconditionals="0" statements="32" coveredstatements="32" elements="41" coveredelements="41"/>
      </class>
      <line num="48" type="method" name="__construct" crap="1" count="9"/>
      <line num="50" type="stmt" count="9"/>
      <line num="57" type="method" name="getInstance" crap="2" count="19"/>
      <line num="59" type="stmt" count="19"/>
      <line num="60" type="stmt" count="9"/>
      <line num="61" type="stmt" count="9"/>
      <line num="62" type="stmt" count="19"/>
      <line num="68" type="method" name="resetInstance" crap="1" count="9"/>
      <line num="70" type="stmt" count="9"/>
      <line num="71" type="stmt" count="9"/>
      <line num="78" type="method" name="setDefaultTable" crap="1" count="8"/>
      <line num="80" type="stmt" count="8"/>
      <line num="81" type="stmt" count="8"/>
      <line num="88" type="method" name="getDefaultTable" crap="1" count="2"/>
      <line num="90" type="stmt" count="2"/>
      <line num="99" type="method" name="setTableForMapper" crap="1" count="9"/>
      <line num="101" type="stmt" count="9"/>
      <line num="102" type="stmt" count="9"/>
      <line num="109" type="method" name="getTableForMapper" crap="1" count="2"/>
      <line num="111" type="stmt" count="2"/>
      <line num="122" type="method" name="createMappedTable" crap="5" count="9"/>
      <line num="124" type="stmt" count="9"/>
      <line num="125" type="stmt" count="1"/>
      <line num="126" type="stmt" count="1"/>
      <line num="127" type="stmt" count="9"/>
      <line num="128" type="stmt" count="2"/>
      <line num="129" type="stmt" count="1"/>
      <line num="130" type="stmt" count="1"/>
      <line num="132" type="stmt" count="1"/>
      <line num="133" type="stmt" count="1"/>
      <line num="134" type="stmt" count="7"/>
      <line num="135" type="stmt" count="7"/>
      <line num="136" type="stmt" count="1"/>
      <line num="137" type="stmt" count="1"/>
      <line num="141" type="stmt" count="7"/>
      <line num="150" type="method" name="factory" crap="2" count="6"/>
      <line num="152" type="stmt" count="6"/>
      <line num="153" type="stmt" count="6"/>
      <line num="154" type="stmt" count="6"/>
      <line num="155" type="stmt" count="6"/>
      <line num="156" type="stmt" count="6"/>
      <metrics loc="157" ncloc="78" classes="1" methods="9" coveredmethods="9" conditionals="0" coveredconditionals="0" statements="32" coveredstatements="32" elements="41" coveredelements="41"/>
    </file>
    <file name="/var/lib/jenkins/jobs/RaidGnome/workspace/src/library/BowShock/Model/DbTable/FactoryException.php">
      <class name="BowShock_Model_DbTable_FactoryException" namespace="global" fullPackage="Model.DbTable" package="Model" subpackage="DbTable">
        <metrics methods="0" coveredmethods="0" conditionals="0" coveredconditionals="0" statements="0" coveredstatements="0" elements="0" coveredelements="0"/>
      </class>
      <line num="13" type="stmt" count="0"/>
      <line num="26" type="stmt" count="0"/>
      <line num="27" type="stmt" count="0"/>
      <metrics loc="26" ncloc="6" classes="1" methods="0" coveredmethods="0" conditionals="0" coveredconditionals="0" statements="3" coveredstatements="0" elements="3" coveredelements="0"/>
    </file>
    <file name="/var/lib/jenkins/jobs/RaidGnome/workspace/src/library/BowShock/Model/TestDummy.php">
      <class name="BowShock_Model_TestDummy" namespace="global" fullPackage="Model" package="Model">
        <metrics methods="2" coveredmethods="2" conditionals="0" coveredconditionals="0" statements="3" coveredstatements="3" elements="5" coveredelements="5"/>
      </class>
      <line num="34" type="method" name="getTestValue" crap="1" count="1"/>
      <line num="36" type="stmt" count="1"/>
      <line num="42" type="method" name="setTestValue" crap="1" count="1"/>
      <line num="44" type="stmt" count="1"/>
      <line num="45" type="stmt" count="1"/>
      <metrics loc="46" ncloc="19" classes="1" methods="2" coveredmethods="2" conditionals="0" coveredconditionals="0" statements="3" coveredstatements="3" elements="5" coveredelements="5"/>
    </file>
    <file name="/var/lib/jenkins/jobs/RaidGnome/workspace/src/library/BowShock/Resource/Mapperfactory.php">
      <class name="BowShock_Resource_Mapperfactory" namespace="global" fullPackage="Resource.subpackage" package="Resource" subpackage="subpackage">
        <metrics methods="1" coveredmethods="1" conditionals="0" coveredconditionals="0" statements="6" coveredstatements="4" elements="7" coveredelements="5"/>
      </class>
      <line num="30" type="method" name="init" crap="2.15" count="5"/>
      <line num="32" type="stmt" count="5"/>
      <line num="33" type="stmt" count="5"/>
      <line num="35" type="stmt" count="5"/>
      <line num="36" type="stmt" count="0"/>
      <line num="37" type="stmt" count="0"/>
      <line num="38" type="stmt" count="5"/>
      <metrics loc="39" ncloc="15" classes="1" methods="1" coveredmethods="1" conditionals="0" coveredconditionals="0" statements="6" coveredstatements="4" elements="7" coveredelements="5"/>
    </file>
    <file name="/var/lib/jenkins/jobs/RaidGnome/workspace/src/library/BowShock/Resource/Tablefactory.php">
      <class name="BowShock_Resource_Tablefactory" namespace="global" fullPackage="Resource.subpackage" package="Resource" subpackage="subpackage">
        <metrics methods="1" coveredmethods="1" conditionals="0" coveredconditionals="0" statements="3" coveredstatements="3" elements="4" coveredelements="4"/>
      </class>
      <line num="32" type="method" name="init" crap="1" count="5"/>
      <line num="34" type="stmt" count="5"/>
      <line num="35" type="stmt" count="5"/>
      <line num="36" type="stmt" count="5"/>
      <metrics loc="37" ncloc="13" classes="1" methods="1" coveredmethods="1" conditionals="0" coveredconditionals="0" statements="3" coveredstatements="3" elements="4" coveredelements="4"/>
    </file>
    <file name="/var/lib/jenkins/jobs/RaidGnome/workspace/src/library/BowShock/Test/DatabaseTestCase.php">
      <class name="BowShock_Test_DatabaseTestCase" namespace="global" fullPackage="Test.subpackage" package="Test" subpackage="subpackage">
        <metrics methods="2" coveredmethods="2" conditionals="0" coveredconditionals="0" statements="19" coveredstatements="18" elements="21" coveredelements="20"/>
      </class>
      <line num="35" type="method" name="getConnection" crap="2.01" count="44"/>
      <line num="37" type="stmt" count="44"/>
      <line num="38" type="stmt" count="0"/>
      <line num="41" type="stmt" count="44"/>
      <line num="42" type="stmt" count="44"/>
      <line num="43" type="stmt" count="44"/>
      <line num="44" type="stmt" count="44"/>
      <line num="46" type="stmt" count="44"/>
      <line num="56" type="method" name="assertDbEqualsXml" crap="1" count="11"/>
      <line num="61" type="stmt" count="11"/>
      <line num="63" type="stmt" count="11"/>
      <line num="64" type="stmt" count="11"/>
      <line num="65" type="stmt" count="11"/>
      <line num="66" type="stmt" count="11"/>
      <line num="67" type="stmt" count="11"/>
      <line num="69" type="stmt" count="11"/>
      <line num="70" type="stmt" count="11"/>
      <line num="71" type="stmt" count="11"/>
      <line num="72" type="stmt" count="11"/>
      <line num="74" type="stmt" count="11"/>
      <line num="75" type="stmt" count="11"/>
      <metrics loc="76" ncloc="42" classes="1" methods="2" coveredmethods="2" conditionals="0" coveredconditionals="0" statements="19" coveredstatements="18" elements="21" coveredelements="20"/>
    </file>
    <file name="/var/lib/jenkins/jobs/RaidGnome/workspace/src/library/BowShock/WowApi/Exception.php">
      <class name="BowShock_WowApi_Exception" namespace="global" fullPackage="WowApi" package="WowApi">
        <metrics methods="0" coveredmethods="0" conditionals="0" coveredconditionals="0" statements="0" coveredstatements="0" elements="0" coveredelements="0"/>
      </class>
      <line num="24" type="stmt" count="1"/>
      <line num="26" type="stmt" count="1"/>
      <metrics loc="25" ncloc="5" classes="1" methods="0" coveredmethods="0" conditionals="0" coveredconditionals="0" statements="2" coveredstatements="2" elements="2" coveredelements="2"/>
    </file>
    <file name="/var/lib/jenkins/jobs/RaidGnome/workspace/src/library/BowShock/WowApi/Region.php">
      <class name="BowShock_WowApi_Region" namespace="global" fullPackage="WowApi" package="WowApi">
        <metrics methods="1" coveredmethods="1" conditionals="0" coveredconditionals="0" statements="4" coveredstatements="2" elements="5" coveredelements="3"/>
      </class>
      <line num="24" type="stmt" count="1"/>
      <line num="49" type="method" name="getRegionApiUri" crap="2.50" count="4"/>
      <line num="51" type="stmt" count="4"/>
      <line num="52" type="stmt" count="0"/>
      <line num="53" type="stmt" count="0"/>
      <line num="55" type="stmt" count="4"/>
      <line num="58" type="stmt" count="1"/>
      <metrics loc="57" ncloc="28" classes="1" methods="1" coveredmethods="1" conditionals="0" coveredconditionals="0" statements="6" coveredstatements="4" elements="7" coveredelements="5"/>
    </file>
    <metrics files="52" loc="4101" ncloc="2003" classes="52" methods="194" coveredmethods="182" conditionals="0" coveredconditionals="0" statements="825" coveredstatements="778" elements="1019" coveredelements="960"/>
  </project>
</coverage>
